[debug] [2018-11-11T07:51:49.287Z] ----------------------------------------------------------------------
[debug] [2018-11-11T07:51:49.290Z] Command:       /usr/bin/node /usr/bin/firebase deploy --only functions
[debug] [2018-11-11T07:51:49.290Z] CLI Version:   6.0.1
[debug] [2018-11-11T07:51:49.290Z] Platform:      linux
[debug] [2018-11-11T07:51:49.290Z] Node Version:  v8.12.0
[debug] [2018-11-11T07:51:49.290Z] Time:          Sun Nov 11 2018 01:51:49 GMT-0600 (CST)
[debug] [2018-11-11T07:51:49.290Z] ----------------------------------------------------------------------
[debug] 
[debug] [2018-11-11T07:51:49.300Z] > command requires scopes: ["email","openid","https://www.googleapis.com/auth/cloudplatformprojects.readonly","https://www.googleapis.com/auth/firebase","https://www.googleapis.com/auth/cloud-platform"]
[debug] [2018-11-11T07:51:49.300Z] > authorizing via signed-in user
[debug] [2018-11-11T07:51:49.300Z] [iam] checking project proofofhack2018 for permissions ["cloudfunctions.functions.create","cloudfunctions.functions.delete","cloudfunctions.functions.get","cloudfunctions.functions.list","cloudfunctions.functions.update","cloudfunctions.operations.get","firebase.projects.get"]
[debug] [2018-11-11T07:51:49.302Z] >>> HTTP REQUEST POST https://cloudresourcemanager.googleapis.com/v1/projects/proofofhack2018:testIamPermissions  

[debug] [2018-11-11T07:51:49.464Z] <<< HTTP RESPONSE 200
[info] 
[info] === Deploying to 'proofofhack2018'...
[info] 
[info] i  deploying functions
[info] Running command: npm --prefix "$RESOURCE_DIR" run lint
[info] ✔  functions: Finished running predeploy script.
[debug] [2018-11-11T07:51:55.020Z] > [functions] package.json contents: {
  "name": "functions",
  "description": "Cloud Functions for Firebase",
  "scripts": {
    "lint": "eslint .",
    "serve": "firebase serve --only functions",
    "shell": "firebase functions:shell",
    "start": "npm run shell",
    "deploy": "firebase deploy --only functions",
    "logs": "firebase functions:log"
  },
  "dependencies": {
    "firebase-admin": "~6.0.0",
    "firebase-functions": "^2.1.0",
    "crypto-js": "^3.1.9-1",
    "ipfs": "^0.33.1",
    "web3": "^1.0.0-beta.36"
  },
  "devDependencies": {
    "eslint": "^4.19.1",
    "eslint-plugin-promise": "^3.6.0"
  },
  "private": true
}
[info] i  functions: ensuring necessary APIs are enabled...
[debug] [2018-11-11T07:51:55.021Z] >>> HTTP REQUEST GET https://servicemanagement.googleapis.com/v1/services/cloudfunctions.googleapis.com/projectSettings/proofofhack2018?view=CONSUMER_VIEW  
 
[debug] [2018-11-11T07:51:55.022Z] >>> HTTP REQUEST GET https://servicemanagement.googleapis.com/v1/services/runtimeconfig.googleapis.com/projectSettings/proofofhack2018?view=CONSUMER_VIEW  
 
[debug] [2018-11-11T07:51:55.633Z] <<< HTTP RESPONSE 200
[debug] [2018-11-11T07:51:55.636Z] <<< HTTP RESPONSE 200
[info] ✔  functions: all necessary APIs are enabled
[debug] [2018-11-11T07:51:55.637Z] >>> HTTP REQUEST GET https://cloudresourcemanager.googleapis.com/v1/projects/proofofhack2018  
 
[debug] [2018-11-11T07:51:55.917Z] <<< HTTP RESPONSE 200
[debug] [2018-11-11T07:51:55.917Z] >>> HTTP REQUEST GET https://mobilesdk-pa.googleapis.com/v1/projects/768449350927:getServerAppConfig  
 
[debug] [2018-11-11T07:51:56.095Z] <<< HTTP RESPONSE 200
[info] i  functions: preparing functions directory for uploading...
[debug] [2018-11-11T07:51:56.098Z] >>> HTTP REQUEST GET https://runtimeconfig.googleapis.com/v1beta1/projects/proofofhack2018/configs  
 
[debug] [2018-11-11T07:51:56.268Z] <<< HTTP RESPONSE 200
[debug] [2018-11-11T07:54:05.340Z] ----------------------------------------------------------------------
[debug] [2018-11-11T07:54:05.344Z] Command:       /usr/bin/node /usr/bin/firebase deploy --only functions
[debug] [2018-11-11T07:54:05.344Z] CLI Version:   6.0.1
[debug] [2018-11-11T07:54:05.344Z] Platform:      linux
[debug] [2018-11-11T07:54:05.344Z] Node Version:  v8.12.0
[debug] [2018-11-11T07:54:05.345Z] Time:          Sun Nov 11 2018 01:54:05 GMT-0600 (CST)
[debug] [2018-11-11T07:54:05.345Z] ----------------------------------------------------------------------
[debug] 
[debug] [2018-11-11T07:54:05.355Z] > command requires scopes: ["email","openid","https://www.googleapis.com/auth/cloudplatformprojects.readonly","https://www.googleapis.com/auth/firebase","https://www.googleapis.com/auth/cloud-platform"]
[debug] [2018-11-11T07:54:05.355Z] > authorizing via signed-in user
[debug] [2018-11-11T07:54:05.355Z] [iam] checking project proofofhack2018 for permissions ["cloudfunctions.functions.create","cloudfunctions.functions.delete","cloudfunctions.functions.get","cloudfunctions.functions.list","cloudfunctions.functions.update","cloudfunctions.operations.get","firebase.projects.get"]
[debug] [2018-11-11T07:54:05.357Z] >>> HTTP REQUEST POST https://cloudresourcemanager.googleapis.com/v1/projects/proofofhack2018:testIamPermissions  

[debug] [2018-11-11T07:54:05.512Z] <<< HTTP RESPONSE 200
[info] 
[info] === Deploying to 'proofofhack2018'...
[info] 
[info] i  deploying functions
[info] Running command: npm --prefix "$RESOURCE_DIR" run lint
[info] ✔  functions: Finished running predeploy script.
[debug] [2018-11-11T07:54:11.367Z] > [functions] package.json contents: {
  "name": "functions",
  "description": "Cloud Functions for Firebase",
  "scripts": {
    "lint": "eslint .",
    "serve": "firebase serve --only functions",
    "shell": "firebase functions:shell",
    "start": "npm run shell",
    "deploy": "firebase deploy --only functions",
    "logs": "firebase functions:log"
  },
  "dependencies": {
    "firebase-admin": "~6.0.0",
    "firebase-functions": "^2.1.0",
    "crypto-js": "^3.1.9-1",
    "ipfs": "^0.33.1",
    "web3": "^1.0.0-beta.36",
    "firebase-storage-my": "^1.0.0"
  },
  "devDependencies": {
    "eslint": "^4.19.1",
    "eslint-plugin-promise": "^3.6.0"
  },
  "private": true
}
[info] i  functions: ensuring necessary APIs are enabled...
[debug] [2018-11-11T07:54:11.368Z] >>> HTTP REQUEST GET https://servicemanagement.googleapis.com/v1/services/cloudfunctions.googleapis.com/projectSettings/proofofhack2018?view=CONSUMER_VIEW  
 
[debug] [2018-11-11T07:54:11.369Z] >>> HTTP REQUEST GET https://servicemanagement.googleapis.com/v1/services/runtimeconfig.googleapis.com/projectSettings/proofofhack2018?view=CONSUMER_VIEW  
 
[debug] [2018-11-11T07:54:11.878Z] <<< HTTP RESPONSE 200
[info] ✔  functions: all necessary APIs are enabled
[debug] [2018-11-11T07:54:11.945Z] <<< HTTP RESPONSE 200
[debug] [2018-11-11T07:54:11.946Z] >>> HTTP REQUEST GET https://cloudresourcemanager.googleapis.com/v1/projects/proofofhack2018  
 
[debug] [2018-11-11T07:54:12.079Z] <<< HTTP RESPONSE 200
[debug] [2018-11-11T07:54:12.080Z] >>> HTTP REQUEST GET https://mobilesdk-pa.googleapis.com/v1/projects/768449350927:getServerAppConfig  
 
[debug] [2018-11-11T07:54:12.200Z] <<< HTTP RESPONSE 200
[info] i  functions: preparing functions directory for uploading...
[debug] [2018-11-11T07:54:12.203Z] >>> HTTP REQUEST GET https://runtimeconfig.googleapis.com/v1beta1/projects/proofofhack2018/configs  
 
[debug] [2018-11-11T07:54:12.473Z] <<< HTTP RESPONSE 200
[error] 
[error] Error: Error parsing triggers: Cannot find module 'firebase-storage-my'

Try running "npm install" in your functions directory before deploying.
